# JRE version: OpenJDK Runtime Environment Temurin-21.0.10+7 (21.0.10+7) (build 21.0.10+7-LTS)
# Java VM: OpenJDK 64-Bit Server VM Temurin-21.0.10+7 (21.0.10+7-LTS, mixed mode, sharing, tiered, compressed oops, compressed class ptrs, parallel gc, windows-amd64)
GC Precious Log:
 CardTable entry size: 512
 CPUs: 12 total, 12 available
 Memory: 15708M
 Large Page Support: Disabled
 NUMA Support: Disabled
 Compressed Oops: Enabled (32-bit)
 Alignments: Space 512K, Generation 512K, Heap 2M
 Heap Min Capacity: 100M
 Heap Initial Capacity: 100M
 Heap Max Capacity: 2G
 Pre-touch: Disabled
 Parallel Workers: 10
Heap:
 PSYoungGen      total 6656K, used 3013K [0x00000000d5580000, 0x00000000d5d00000, 0x0000000100000000)
  eden space 5632K, 47% used [0x00000000d5580000,0x00000000d58197e0,0x00000000d5b00000)
  from space 1024K, 34% used [0x00000000d5b00000,0x00000000d5b58000,0x00000000d5c00000)
  to   space 512K, 0% used [0x00000000d5c80000,0x00000000d5c80000,0x00000000d5d00000)
 ParOldGen       total 764416K, used 154553K [0x0000000080000000, 0x00000000aea80000, 0x00000000d5580000)
  object space 764416K, 20% used [0x0000000080000000,0x00000000896ee568,0x00000000aea80000)
 Metaspace       used 114052K, committed 117568K, reserved 1179648K
  class space    used 11491K, committed 12864K, reserved 1048576K
GC Heap History (20 events):
Event: 4214.779 GC heap before
{Heap before GC invocations=4403 (full 8):
 PSYoungGen      total 9728K, used 9676K [0x00000000d5580000, 0x00000000d6480000, 0x0000000100000000)
  eden space 5632K, 99% used [0x00000000d5580000,0x00000000d5afdb30,0x00000000d5b00000)
  from space 4096K, 98% used [0x00000000d5f80000,0x00000000d6375860,0x00000000d6380000)
  to   space 4608K, 0% used [0x00000000d5b00000,0x00000000d5b00000,0x00000000d5f80000)
 ParOldGen       total 755200K, used 754693K [0x0000000080000000, 0x00000000ae180000, 0x00000000d5580000)
  object space 755200K, 99% used [0x0000000080000000,0x00000000ae101740,0x00000000ae180000)
 Metaspace       used 118413K, committed 120832K, reserved 1179648K
  class space    used 11967K, committed 13056K, reserved 1048576K
}
Event: 4214.782 GC heap after
{Heap after GC invocations=4403 (full 8):
 PSYoungGen      total 7168K, used 1533K [0x00000000d5580000, 0x00000000d6000000, 0x0000000100000000)
  eden space 5632K, 0% used [0x00000000d5580000,0x00000000d5580000,0x00000000d5b00000)
  from space 1536K, 99% used [0x00000000d5b00000,0x00000000d5c7f588,0x00000000d5c80000)
  to   space 2560K, 0% used [0x00000000d5d80000,0x00000000d5d80000,0x00000000d6000000)
 ParOldGen       total 758784K, used 758648K [0x0000000080000000, 0x00000000ae500000, 0x00000000d5580000)
  object space 758784K, 99% used [0x0000000080000000,0x00000000ae4de038,0x00000000ae500000)
 Metaspace       used 118413K, committed 120832K, reserved 1179648K
  class space    used 11967K, committed 13056K, reserved 1048576K
}
Event: 4214.798 GC heap before
{Heap before GC invocations=4404 (full 8):
 PSYoungGen      total 7168K, used 7165K [0x00000000d5580000, 0x00000000d6000000, 0x0000000100000000)
  eden space 5632K, 99% used [0x00000000d5580000,0x00000000d5affff0,0x00000000d5b00000)
  from space 1536K, 99% used [0x00000000d5b00000,0x00000000d5c7f588,0x00000000d5c80000)
  to   space 2560K, 0% used [0x00000000d5d80000,0x00000000d5d80000,0x00000000d6000000)
 ParOldGen       total 758784K, used 758648K [0x0000000080000000, 0x00000000ae500000, 0x00000000d5580000)
  object space 758784K, 99% used [0x0000000080000000,0x00000000ae4de038,0x00000000ae500000)
 Metaspace       used 118413K, committed 120832K, reserved 1179648K
  class space    used 11967K, committed 13056K, reserved 1048576K
}
Event: 4214.800 GC heap after
{Heap after GC invocations=4404 (full 8):
 PSYoungGen      total 7168K, used 1216K [0x00000000d5580000, 0x00000000d5f00000, 0x0000000100000000)
  eden space 5632K, 0% used [0x00000000d5580000,0x00000000d5580000,0x00000000d5b00000)
  from space 1536K, 79% used [0x00000000d5d80000,0x00000000d5eb0020,0x00000000d5f00000)
  to   space 1536K, 0% used [0x00000000d5b00000,0x00000000d5b00000,0x00000000d5c80000)
 ParOldGen       total 760320K, used 760051K [0x0000000080000000, 0x00000000ae680000, 0x00000000d5580000)
  object space 760320K, 99% used [0x0000000080000000,0x00000000ae63ce00,0x00000000ae680000)
 Metaspace       used 118413K, committed 120832K, reserved 1179648K
  class space    used 11967K, committed 13056K, reserved 1048576K
}
Event: 4214.830 GC heap before
{Heap before GC invocations=4405 (full 8):
 PSYoungGen      total 7168K, used 6848K [0x00000000d5580000, 0x00000000d5f00000, 0x0000000100000000)
  eden space 5632K, 100% used [0x00000000d5580000,0x00000000d5b00000,0x00000000d5b00000)
  from space 1536K, 79% used [0x00000000d5d80000,0x00000000d5eb0020,0x00000000d5f00000)
  to   space 1536K, 0% used [0x00000000d5b00000,0x00000000d5b00000,0x00000000d5c80000)
 ParOldGen       total 760320K, used 760051K [0x0000000080000000, 0x00000000ae680000, 0x00000000d5580000)
  object space 760320K, 99% used [0x0000000080000000,0x00000000ae63ce00,0x00000000ae680000)
 Metaspace       used 118424K, committed 120832K, reserved 1179648K
  class space    used 11967K, committed 13056K, reserved 1048576K
}
Event: 4214.832 GC heap after
{Heap after GC invocations=4405 (full 8):
 PSYoungGen      total 7168K, used 1088K [0x00000000d5580000, 0x00000000d5e00000, 0x0000000100000000)
  eden space 5632K, 0% used [0x00000000d5580000,0x00000000d5580000,0x00000000d5b00000)
  from space 1536K, 70% used [0x00000000d5b00000,0x00000000d5c10000,0x00000000d5c80000)
  to   space 1536K, 0% used [0x00000000d5c80000,0x00000000d5c80000,0x00000000d5e00000)
 ParOldGen       total 761344K, used 761114K [0x0000000080000000, 0x00000000ae780000, 0x00000000d5580000)
  object space 761344K, 99% used [0x0000000080000000,0x00000000ae746890,0x00000000ae780000)
 Metaspace       used 118424K, committed 120832K, reserved 1179648K
  class space    used 11967K, committed 13056K, reserved 1048576K
}
Event: 4214.872 GC heap before
{Heap before GC invocations=4406 (full 8):
 PSYoungGen      total 7168K, used 6720K [0x00000000d5580000, 0x00000000d5e00000, 0x0000000100000000)
  eden space 5632K, 100% used [0x00000000d5580000,0x00000000d5b00000,0x00000000d5b00000)
  from space 1536K, 70% used [0x00000000d5b00000,0x00000000d5c10000,0x00000000d5c80000)
  to   space 1536K, 0% used [0x00000000d5c80000,0x00000000d5c80000,0x00000000d5e00000)
 ParOldGen       total 761344K, used 761114K [0x0000000080000000, 0x00000000ae780000, 0x00000000d5580000)
  object space 761344K, 99% used [0x0000000080000000,0x00000000ae746890,0x00000000ae780000)
 Metaspace       used 118471K, committed 120832K, reserved 1179648K
  class space    used 11967K, committed 13056K, reserved 1048576K
}
Event: 4214.875 GC heap after
{Heap after GC invocations=4406 (full 8):
 PSYoungGen      total 7168K, used 1088K [0x00000000d5580000, 0x00000000d5e00000, 0x0000000100000000)
  eden space 5632K, 0% used [0x00000000d5580000,0x00000000d5580000,0x00000000d5b00000)
  from space 1536K, 70% used [0x00000000d5c80000,0x00000000d5d90000,0x00000000d5e00000)
  to   space 1536K, 0% used [0x00000000d5b00000,0x00000000d5b00000,0x00000000d5c80000)
 ParOldGen       total 762368K, used 762072K [0x0000000080000000, 0x00000000ae880000, 0x00000000d5580000)
  object space 762368K, 99% used [0x0000000080000000,0x00000000ae836010,0x00000000ae880000)
 Metaspace       used 118471K, committed 120832K, reserved 1179648K
  class space    used 11967K, committed 13056K, reserved 1048576K
}
Event: 4214.925 GC heap before
{Heap before GC invocations=4407 (full 8):
 PSYoungGen      total 7168K, used 6720K [0x00000000d5580000, 0x00000000d5e00000, 0x0000000100000000)
  eden space 5632K, 100% used [0x00000000d5580000,0x00000000d5b00000,0x00000000d5b00000)
  from space 1536K, 70% used [0x00000000d5c80000,0x00000000d5d90000,0x00000000d5e00000)
  to   space 1536K, 0% used [0x00000000d5b00000,0x00000000d5b00000,0x00000000d5c80000)
 ParOldGen       total 762368K, used 762072K [0x0000000080000000, 0x00000000ae880000, 0x00000000d5580000)
  object space 762368K, 99% used [0x0000000080000000,0x00000000ae836010,0x00000000ae880000)
 Metaspace       used 118507K, committed 120896K, reserved 1179648K
  class space    used 11967K, committed 13056K, reserved 1048576K
}
Event: 4214.927 GC heap after
{Heap after GC invocations=4407 (full 8):
 PSYoungGen      total 7168K, used 1152K [0x00000000d5580000, 0x00000000d5e00000, 0x0000000100000000)
  eden space 5632K, 0% used [0x00000000d5580000,0x00000000d5580000,0x00000000d5b00000)
  from space 1536K, 75% used [0x00000000d5b00000,0x00000000d5c20000,0x00000000d5c80000)
  to   space 1536K, 0% used [0x00000000d5c80000,0x00000000d5c80000,0x00000000d5e00000)
 ParOldGen       total 763392K, used 763000K [0x0000000080000000, 0x00000000ae980000, 0x00000000d5580000)
  object space 763392K, 99% used [0x0000000080000000,0x00000000ae91e030,0x00000000ae980000)
 Metaspace       used 118507K, committed 120896K, reserved 1179648K
  class space    used 11967K, committed 13056K, reserved 1048576K
}
Event: 4214.948 GC heap before
{Heap before GC invocations=4408 (full 8):
 PSYoungGen      total 7168K, used 5391K [0x00000000d5580000, 0x00000000d5e00000, 0x0000000100000000)
  eden space 5632K, 75% used [0x00000000d5580000,0x00000000d59a3e10,0x00000000d5b00000)
  from space 1536K, 75% used [0x00000000d5b00000,0x00000000d5c20000,0x00000000d5c80000)
  to   space 1536K, 0% used [0x00000000d5c80000,0x00000000d5c80000,0x00000000d5e00000)
 ParOldGen       total 763392K, used 763000K [0x0000000080000000, 0x00000000ae980000, 0x00000000d5580000)
  object space 763392K, 99% used [0x0000000080000000,0x00000000ae91e030,0x00000000ae980000)
 Metaspace       used 118548K, committed 120896K, reserved 1179648K
  class space    used 11967K, committed 13056K, reserved 1048576K
}
Event: 4214.949 GC heap after
{Heap after GC invocations=4408 (full 8):
 PSYoungGen      total 6656K, used 864K [0x00000000d5580000, 0x00000000d5d80000, 0x0000000100000000)
  eden space 5632K, 0% used [0x00000000d5580000,0x00000000d5580000,0x00000000d5b00000)
  from space 1024K, 84% used [0x00000000d5c80000,0x00000000d5d58000,0x00000000d5d80000)
  to   space 1024K, 0% used [0x00000000d5b80000,0x00000000d5b80000,0x00000000d5c80000)
 ParOldGen       total 764416K, used 763968K [0x0000000080000000, 0x00000000aea80000, 0x00000000d5580000)
  object space 764416K, 99% used [0x0000000080000000,0x00000000aea10050,0x00000000aea80000)
 Metaspace       used 118548K, committed 120896K, reserved 1179648K
  class space    used 11967K, committed 13056K, reserved 1048576K
}
Event: 4214.949 GC heap before
{Heap before GC invocations=4409 (full 9):
 PSYoungGen      total 6656K, used 864K [0x00000000d5580000, 0x00000000d5d80000, 0x0000000100000000)
  eden space 5632K, 0% used [0x00000000d5580000,0x00000000d5580000,0x00000000d5b00000)
  from space 1024K, 84% used [0x00000000d5c80000,0x00000000d5d58000,0x00000000d5d80000)
  to   space 1024K, 0% used [0x00000000d5b80000,0x00000000d5b80000,0x00000000d5c80000)
 ParOldGen       total 764416K, used 763968K [0x0000000080000000, 0x00000000aea80000, 0x00000000d5580000)
  object space 764416K, 99% used [0x0000000080000000,0x00000000aea10050,0x00000000aea80000)
 Metaspace       used 118548K, committed 120896K, reserved 1179648K
  class space    used 11967K, committed 13056K, reserved 1048576K
}
Event: 4215.437 GC heap after
{Heap after GC invocations=4409 (full 9):
 PSYoungGen      total 6656K, used 0K [0x00000000d5580000, 0x00000000d5d80000, 0x0000000100000000)
  eden space 5632K, 0% used [0x00000000d5580000,0x00000000d5580000,0x00000000d5b00000)
  from space 1024K, 0% used [0x00000000d5c80000,0x00000000d5c80000,0x00000000d5d80000)
  to   space 1024K, 0% used [0x00000000d5b80000,0x00000000d5b80000,0x00000000d5c80000)
 ParOldGen       total 764416K, used 153668K [0x0000000080000000, 0x00000000aea80000, 0x00000000d5580000)
  object space 764416K, 20% used [0x0000000080000000,0x0000000089611138,0x00000000aea80000)
 Metaspace       used 113934K, committed 117568K, reserved 1179648K
  class space    used 11489K, committed 12864K, reserved 1048576K
}
Event: 4215.471 GC heap before
{Heap before GC invocations=4410 (full 9):
 PSYoungGen      total 6656K, used 5632K [0x00000000d5580000, 0x00000000d5d80000, 0x0000000100000000)
  eden space 5632K, 100% used [0x00000000d5580000,0x00000000d5b00000,0x00000000d5b00000)
  from space 1024K, 0% used [0x00000000d5c80000,0x00000000d5c80000,0x00000000d5d80000)
  to   space 1024K, 0% used [0x00000000d5b80000,0x00000000d5b80000,0x00000000d5c80000)
 ParOldGen       total 764416K, used 153668K [0x0000000080000000, 0x00000000aea80000, 0x00000000d5580000)
  object space 764416K, 20% used [0x0000000080000000,0x0000000089611138,0x00000000aea80000)
 Metaspace       used 113947K, committed 117568K, reserved 1179648K
  class space    used 11490K, committed 12864K, reserved 1048576K
}
Event: 4215.474 GC heap after
{Heap after GC invocations=4410 (full 9):
 PSYoungGen      total 6656K, used 884K [0x00000000d5580000, 0x00000000d5d00000, 0x0000000100000000)
  eden space 5632K, 0% used [0x00000000d5580000,0x00000000d5580000,0x00000000d5b00000)
  from space 1024K, 86% used [0x00000000d5b80000,0x00000000d5c5d098,0x00000000d5c80000)
  to   space 512K, 0% used [0x00000000d5c80000,0x00000000d5c80000,0x00000000d5d00000)
 ParOldGen       total 764416K, used 153668K [0x0000000080000000, 0x00000000aea80000, 0x00000000d5580000)
  object space 764416K, 20% used [0x0000000080000000,0x0000000089611138,0x00000000aea80000)
 Metaspace       used 113947K, committed 117568K, reserved 1179648K
  class space    used 11490K, committed 12864K, reserved 1048576K
}
Event: 4215.570 GC heap before
{Heap before GC invocations=4411 (full 9):
 PSYoungGen      total 6656K, used 6516K [0x00000000d5580000, 0x00000000d5d00000, 0x0000000100000000)
  eden space 5632K, 100% used [0x00000000d5580000,0x00000000d5b00000,0x00000000d5b00000)
  from space 1024K, 86% used [0x00000000d5b80000,0x00000000d5c5d098,0x00000000d5c80000)
  to   space 512K, 0% used [0x00000000d5c80000,0x00000000d5c80000,0x00000000d5d00000)
 ParOldGen       total 764416K, used 153668K [0x0000000080000000, 0x00000000aea80000, 0x00000000d5580000)
  object space 764416K, 20% used [0x0000000080000000,0x0000000089611138,0x00000000aea80000)
 Metaspace       used 114036K, committed 117568K, reserved 1179648K
  class space    used 11491K, committed 12864K, reserved 1048576K
}
Event: 4215.572 GC heap after
{Heap after GC invocations=4411 (full 9):
 PSYoungGen      total 6144K, used 448K [0x00000000d5580000, 0x00000000d5d00000, 0x0000000100000000)
  eden space 5632K, 0% used [0x00000000d5580000,0x00000000d5580000,0x00000000d5b00000)
  from space 512K, 87% used [0x00000000d5c80000,0x00000000d5cf0000,0x00000000d5d00000)
  to   space 1024K, 0% used [0x00000000d5b00000,0x00000000d5b00000,0x00000000d5c00000)
 ParOldGen       total 764416K, used 154329K [0x0000000080000000, 0x00000000aea80000, 0x00000000d5580000)
  object space 764416K, 20% used [0x0000000080000000,0x00000000896b6568,0x00000000aea80000)
 Metaspace       used 114036K, committed 117568K, reserved 1179648K
  class space    used 11491K, committed 12864K, reserved 1048576K
}
Event: 4511.100 GC heap before
{Heap before GC invocations=4412 (full 9):
 PSYoungGen      total 6144K, used 6080K [0x00000000d5580000, 0x00000000d5d00000, 0x0000000100000000)
  eden space 5632K, 100% used [0x00000000d5580000,0x00000000d5b00000,0x00000000d5b00000)
  from space 512K, 87% used [0x00000000d5c80000,0x00000000d5cf0000,0x00000000d5d00000)
  to   space 1024K, 0% used [0x00000000d5b00000,0x00000000d5b00000,0x00000000d5c00000)
 ParOldGen       total 764416K, used 154329K [0x0000000080000000, 0x00000000aea80000, 0x00000000d5580000)
  object space 764416K, 20% used [0x0000000080000000,0x00000000896b6568,0x00000000aea80000)
 Metaspace       used 114046K, committed 117568K, reserved 1179648K
  class space    used 11491K, committed 12864K, reserved 1048576K
}
Event: 4511.105 GC heap after
{Heap after GC invocations=4412 (full 9):
 PSYoungGen      total 6656K, used 352K [0x00000000d5580000, 0x00000000d5d00000, 0x0000000100000000)
  eden space 5632K, 0% used [0x00000000d5580000,0x00000000d5580000,0x00000000d5b00000)
  from space 1024K, 34% used [0x00000000d5b00000,0x00000000d5b58000,0x00000000d5c00000)
  to   space 512K, 0% used [0x00000000d5c80000,0x00000000d5c80000,0x00000000d5d00000)
 ParOldGen       total 764416K, used 154553K [0x0000000080000000, 0x00000000aea80000, 0x00000000d5580000)
  object space 764416K, 20% used [0x0000000080000000,0x00000000896ee568,0x00000000aea80000)
 Metaspace       used 114046K, committed 117568K, reserved 1179648K
  class space    used 11491K, committed 12864K, reserved 1048576K
}

